Unity Editor version:    2020.3.26f1 (7298b473bc1a)
Branch:                  2020.3/staging
Build type:              Release
Batch mode:              YES
macOS version:           Version 12.0.1 (Build 21A559)
Darwin version:          21.1.0
Architecture:            x86_64
Running under Rosetta:   YES
Available memory:        8192 MB
Using pre-set license
Pro License: NO

COMMAND LINE ARGUMENTS:
/Applications/Unity/Hub/Editor/2020.3.26f1/Unity.app/Contents/MacOS/Unity
-adb2
-batchMode
-noUpm
-name
AssetImportWorker1
-projectPath
/Users/mouadhmkadmi/Documents/Unity Projects/GGJ_2022
-logFile
Logs/AssetImportWorker1.log
-srvPort
63774
Successfully changed project path to: /Users/mouadhmkadmi/Documents/Unity Projects/GGJ_2022
/Users/mouadhmkadmi/Documents/Unity Projects/GGJ_2022
Using Asset Import Pipeline V2.
Refreshing native plugins compatible for Editor in 264.94 ms, found 2 plugins.
Preloading 0 native plugins for Editor in 0.00 ms.
Initialize engine version: 2020.3.26f1 (7298b473bc1a)
[Subsystems] Discovering subsystems at path /Applications/Unity/Hub/Editor/2020.3.26f1/Unity.app/Contents/Resources/UnitySubsystems
[Subsystems] Discovering subsystems at path /Users/mouadhmkadmi/Documents/Unity Projects/GGJ_2022/Assets
GfxDevice: creating device client; threaded=0
2022-01-28 21:48:02.838 Unity[29077:4963485] (null) preferred device: Apple M1 (high power)
2022-01-28 21:48:02.838 Unity[29077:4963485] Metal devices available: 1
2022-01-28 21:48:02.838 Unity[29077:4963485] 0: Apple M1 (high power)
2022-01-28 21:48:02.838 Unity[29077:4963485] Using device Apple M1 (high power)
Initializing Metal device caps: Apple M1
Initialize mono
Mono path[0] = '/Applications/Unity/Hub/Editor/2020.3.26f1/Unity.app/Contents/Managed'
Mono path[1] = '/Applications/Unity/Hub/Editor/2020.3.26f1/Unity.app/Contents/MonoBleedingEdge/lib/mono/unityjit'
Mono config path = '/Applications/Unity/Hub/Editor/2020.3.26f1/Unity.app/Contents/MonoBleedingEdge/etc'
Using monoOptions --debugger-agent=transport=dt_socket,embedding=1,server=y,suspend=n,address=127.0.0.1:56077
Begin MonoManager ReloadAssembly
Registering precompiled unity dll's ...
Register platform support module: /Applications/Unity/Hub/Editor/2020.3.26f1/Unity.app/Contents/PlaybackEngines/MacStandaloneSupport/UnityEditor.OSXStandalone.Extensions.dll
Registered in 0.001157 seconds.
Native extension for OSXStandalone target not found
Refreshing native plugins compatible for Editor in 123.54 ms, found 2 plugins.
Preloading 0 native plugins for Editor in 0.00 ms.
Mono: successfully reloaded assembly
- Completed reload, in  1.358 seconds
Domain Reload Profiling:
	ReloadAssembly (1358ms)
		BeginReloadAssembly (122ms)
			ExecutionOrderSort (0ms)
			DisableScriptedObjects (0ms)
			BackupInstance (0ms)
			ReleaseScriptingObjects (0ms)
			CreateAndSetChildDomain (3ms)
		EndReloadAssembly (1106ms)
			LoadAssemblies (125ms)
			RebuildTransferFunctionScriptingTraits (1ms)
			SetupTypeCache (177ms)
			ReleaseScriptCaches (0ms)
			RebuildScriptCaches (40ms)
			SetupLoadedEditorAssemblies (607ms)
				LogAssemblyErrors (0ms)
				InitializePlatformSupportModulesInManaged (12ms)
				SetLoadedEditorAssemblies (0ms)
				RefreshPlugins (124ms)
				BeforeProcessingInitializeOnLoad (85ms)
				ProcessInitializeOnLoadAttributes (276ms)
				ProcessInitializeOnLoadMethodAttributes (109ms)
				AfterProcessingInitializeOnLoad (0ms)
				EditorAssembliesLoaded (1ms)
			ExecutionOrderSort2 (0ms)
			AwakeInstancesAfterBackupRestoration (0ms)
Platform modules already initialized, skipping
Registering precompiled user dll's ...
Registered in 0.007340 seconds.
Begin MonoManager ReloadAssembly
Native extension for OSXStandalone target not found
Refreshing native plugins compatible for Editor in 140.49 ms, found 2 plugins.
Preloading 0 native plugins for Editor in 0.00 ms.
Refreshing native plugins compatible for Editor in 1.92 ms, found 2 plugins.
Mono: successfully reloaded assembly
- Completed reload, in  2.829 seconds
Domain Reload Profiling:
	ReloadAssembly (2831ms)
		BeginReloadAssembly (272ms)
			ExecutionOrderSort (0ms)
			DisableScriptedObjects (34ms)
			BackupInstance (0ms)
			ReleaseScriptingObjects (0ms)
			CreateAndSetChildDomain (35ms)
		EndReloadAssembly (2469ms)
			LoadAssemblies (230ms)
			RebuildTransferFunctionScriptingTraits (0ms)
			SetupTypeCache (452ms)
			ReleaseScriptCaches (1ms)
			RebuildScriptCaches (85ms)
			SetupLoadedEditorAssemblies (1417ms)
				LogAssemblyErrors (0ms)
				InitializePlatformSupportModulesInManaged (9ms)
				SetLoadedEditorAssemblies (0ms)
				RefreshPlugins (141ms)
				BeforeProcessingInitializeOnLoad (200ms)
				ProcessInitializeOnLoadAttributes (1024ms)
				ProcessInitializeOnLoadMethodAttributes (42ms)
				AfterProcessingInitializeOnLoad (1ms)
				EditorAssembliesLoaded (0ms)
			ExecutionOrderSort2 (0ms)
			AwakeInstancesAfterBackupRestoration (29ms)
Platform modules already initialized, skipping
Validating Project structure ... 0.034123 seconds.
Shader import version has changed; will reimport all shaders...
Upgrading shader files ...0.035967 seconds.
Application.AssetDatabase Initial Script Refresh Start
RefreshInfo: InitialScriptRefreshV2(NoUpdateAssetOptions) scanfilter:  ... 1 filters
RefreshProfiler: Total: 0.000ms
Application.AssetDatabase Initial Script Refresh End
Application.AssetDatabase.Refresh Start
Application.AssetDatabase.Refresh End
RefreshInfo: StopAssetImportingV2(ForceSynchronousImport) scanfilter: 
RefreshProfiler: Total: 0.000ms
Launching external process: /Applications/Unity/Hub/Editor/2020.3.26f1/Unity.app/Contents/Tools/UnityShaderCompiler
Launched and connected shader compiler UnityShaderCompiler after 0.20 seconds
Initializing Unity extensions:
2022-01-28 21:48:10.039 Unity[29077:4963485] NSEventModifierFlagFunction specified to -setKeyEquivalentModifierMask: for item <NSMenuItem: 0x6000031c03f0 Font Asset, ke='Command-F12'>, but is only supported for system-provided menu items; will not be used
2022-01-28 21:48:10.044 Unity[29077:4963485] NSEventModifierFlagFunction specified to -setKeyEquivalentModifierMask: for item <NSMenuItem: 0x60000312ab50 Font Asset, ke='Command-F12'>, but is only supported for system-provided menu items; will not be used
========================================================================
Worker process is ready to serve import requests
Refreshing native plugins compatible for Editor in 1.19 ms, found 2 plugins.
Preloading 0 native plugins for Editor in 0.00 ms.
Unloading 4175 Unused Serialized files (Serialized files now loaded: 0)
System memory in use before: 349.0 MB.
System memory in use after: 332.6 MB.

Unloading 375 unused Assets to reduce memory usage. Loaded Objects now: 4520.
Total: 10.560292 ms (FindLiveObjects: 0.254917 ms CreateObjectMapping: 0.110834 ms MarkObjects: 3.583709 ms  DeleteObjects: 6.609625 ms)

AssetImportParameters requested are different than current active one (requested -> active):
  custom:video-decoder-ogg-theora: a1e56fd34408186e4bbccfd4996cb3dc -> 
  custom:container-muxer-webm: aa71ff27fc2769a1b78a27578f13a17b -> 
  custom:container-demuxer-webm: 4f35f7cbe854078d1ac9338744f61a02 -> 
  custom:container-demuxer-ogg: 62fdf1f143b41e24485cea50d1cbac27 -> 
  custom:video-encoder-webm-vp8: eb34c28f22e8b96e1ab97ce403110664 -> 
  custom:framework-osx-AVFoundation: e770b220cccbd017edd2c1fefb359320 -> 
  custom:video-decoder-webm-vp8: 9c59270c3fd7afecdb556c50c9e8de78 -> 
  custom:audio-decoder-ogg-vorbis: bf7c407c2cedff20999df2af8eb42d56 -> 
  custom:audio-encoder-webm-vorbis: bf7c407c2cedff20999df2af8eb42d56 -> 
========================================================================
Received Import Request.
  path: Assets/MyAssets/MyPrefabs/NextStoreBlaka.prefab
  artifactKey: Guid(6bbe9d97a58c74a218823301f5597a90) Importer(815301076,1909f56bfc062723c751e8b465ee728b)
Start importing Assets/MyAssets/MyPrefabs/NextStoreBlaka.prefab using Guid(6bbe9d97a58c74a218823301f5597a90) Importer(815301076,1909f56bfc062723c751e8b465ee728b)  -> (artifact id: 'dca913cb3de48be55a30735541cd2b61') in 0.406746 seconds 
  Import took 0.417131 seconds .

========================================================================
Received Import Request.
  Time since last request: 0.001895 seconds.
  path: Assets/MyAssets/MyGraphics
  artifactKey: Guid(545a33becfc5a424e9197cf5547a92a0) Importer(815301076,1909f56bfc062723c751e8b465ee728b)
Start importing Assets/MyAssets/MyGraphics using Guid(545a33becfc5a424e9197cf5547a92a0) Importer(815301076,1909f56bfc062723c751e8b465ee728b)  -> (artifact id: 'c65534d40a7cf2c21f0f19096eb9833d') in 0.001218 seconds 
  Import took 0.005654 seconds .

========================================================================
Received Import Request.
  Time since last request: 3.158549 seconds.
  path: Assets/MyAssets/MyGraphics/2d-3d-c4b9e327.png
  artifactKey: Guid(ff8e9705cbd7f4a7f868cfca191ddea3) Importer(815301076,1909f56bfc062723c751e8b465ee728b)
Start importing Assets/MyAssets/MyGraphics/2d-3d-c4b9e327.png using Guid(ff8e9705cbd7f4a7f868cfca191ddea3) Importer(815301076,1909f56bfc062723c751e8b465ee728b)  -> (artifact id: '84b294d13394842fbedd4c43e3f18956') in 0.116125 seconds 
  Import took 0.123943 seconds .

========================================================================
Received Import Request.
  Time since last request: 3.519994 seconds.
  path: Assets/MyAssets/MyGraphics/2d-3d-c4b9e327.png
  artifactKey: Guid(ff8e9705cbd7f4a7f868cfca191ddea3) Importer(815301076,1909f56bfc062723c751e8b465ee728b)
Start importing Assets/MyAssets/MyGraphics/2d-3d-c4b9e327.png using Guid(ff8e9705cbd7f4a7f868cfca191ddea3) Importer(815301076,1909f56bfc062723c751e8b465ee728b)  -> (artifact id: 'f297297637b0c1cda478f0ee70c2dc5c') in 0.054877 seconds 
  Import took 0.061276 seconds .

========================================================================
Received Prepare
Registering precompiled user dll's ...
Registered in 0.008477 seconds.
Begin MonoManager ReloadAssembly
Native extension for OSXStandalone target not found
Refreshing native plugins compatible for Editor in 1.52 ms, found 2 plugins.
Preloading 0 native plugins for Editor in 0.00 ms.
2022-01-28 21:53:03.105 Unity[29077:4963485] NSEventModifierFlagFunction specified to -setKeyEquivalentModifierMask: for item <NSMenuItem: 0x6000031c1110 Font Asset, ke='Command-F12'>, but is only supported for system-provided menu items; will not be used
Refreshing native plugins compatible for Editor in 1.82 ms, found 2 plugins.
Mono: successfully reloaded assembly
- Completed reload, in  2.944 seconds
Domain Reload Profiling:
	ReloadAssembly (2947ms)
		BeginReloadAssembly (316ms)
			ExecutionOrderSort (0ms)
			DisableScriptedObjects (31ms)
			BackupInstance (0ms)
			ReleaseScriptingObjects (0ms)
			CreateAndSetChildDomain (128ms)
		EndReloadAssembly (2527ms)
			LoadAssemblies (244ms)
			RebuildTransferFunctionScriptingTraits (1ms)
			SetupTypeCache (436ms)
			ReleaseScriptCaches (1ms)
			RebuildScriptCaches (72ms)
			SetupLoadedEditorAssemblies (1444ms)
				LogAssemblyErrors (0ms)
				InitializePlatformSupportModulesInManaged (11ms)
				SetLoadedEditorAssemblies (2ms)
				RefreshPlugins (2ms)
				BeforeProcessingInitializeOnLoad (307ms)
				ProcessInitializeOnLoadAttributes (1077ms)
				ProcessInitializeOnLoadMethodAttributes (43ms)
				AfterProcessingInitializeOnLoad (1ms)
				EditorAssembliesLoaded (1ms)
			ExecutionOrderSort2 (0ms)
			AwakeInstancesAfterBackupRestoration (32ms)
Platform modules already initialized, skipping
Refreshing native plugins compatible for Editor in 1.34 ms, found 2 plugins.
Preloading 0 native plugins for Editor in 0.00 ms.
Unloading 4011 Unused Serialized files (Serialized files now loaded: 0)
System memory in use before: 335.4 MB.
System memory in use after: 330.9 MB.

Unloading 70 unused Assets to reduce memory usage. Loaded Objects now: 4534.
Total: 10.561625 ms (FindLiveObjects: 0.248708 ms CreateObjectMapping: 0.103333 ms MarkObjects: 7.546458 ms  DeleteObjects: 2.662209 ms)

AssetImportParameters requested are different than current active one (requested -> active):
  custom:video-decoder-ogg-theora: a1e56fd34408186e4bbccfd4996cb3dc -> 
  custom:container-muxer-webm: aa71ff27fc2769a1b78a27578f13a17b -> 
  custom:container-demuxer-webm: 4f35f7cbe854078d1ac9338744f61a02 -> 
  custom:container-demuxer-ogg: 62fdf1f143b41e24485cea50d1cbac27 -> 
  custom:video-encoder-webm-vp8: eb34c28f22e8b96e1ab97ce403110664 -> 
  custom:framework-osx-AVFoundation: e770b220cccbd017edd2c1fefb359320 -> 
  custom:video-decoder-webm-vp8: 9c59270c3fd7afecdb556c50c9e8de78 -> 
  custom:audio-decoder-ogg-vorbis: bf7c407c2cedff20999df2af8eb42d56 -> 
  custom:audio-encoder-webm-vorbis: bf7c407c2cedff20999df2af8eb42d56 -> 
